871940876 SIZE 141 43
872118339 HOST 61
[0;33mcs244-[0;36mip-172-31-5-237:[0;35m~/stm-data⚡[0m 
873649091 USER 1
l
873649283 HOST 1
l
873712898 USER 1
s
873712996 HOST 1
s
873804911 USER 1

873805005 HOST 2


873809890 HOST 158
depend      Makefile    swrite.hpp  [0m[01;32mterm-receive[0m      term-receive.o      [01;32mterm-replay-server[0m  term-save.cpp  [01;32mterm-send[0m
873810014 HOST 2


873810143 HOST 129
keylog.out  swrite.cpp  swrite.o    term-receive.cpp  [01;32mterm-replay-client[0m  [01;32mterm-save[0m           term-save.o
873810256 HOST 2


873811058 HOST 61
[0;33mcs244-[0;36mip-172-31-5-237:[0;35m~/stm-data⚡[0m 
874818993 USER 1
c
874819144 HOST 1
c
874891079 USER 1
d
874891187 HOST 1
d
874958506 USER 1
 
874958601 HOST 1
 
875192812 USER 1

875192906 HOST 2


875193436 HOST 52
[0;33mcs244-[0;36mip-172-31-5-237:[0;35m~⚡[0m 
876056906 USER 1
c
876057058 HOST 1
c
876120506 USER 1
d
876120598 HOST 1
d
876245048 USER 1
 
876245155 HOST 1
 
876847766 USER 1

876847876 HOST 2


876848416 HOST 52
[0;33mcs244-[0;36mip-172-31-5-237:[0;35m~⚡[0m 
877651742 USER 1
c
877651992 HOST 1
c
877719675 USER 1
d
877719781 HOST 1
d
877771716 USER 1
 
877771817 HOST 1
 
877953325 USER 1
.
877953434 HOST 1
.
878549829 USER 1

878550012 HOST 4
[K
878803743 USER 1
/
878803886 HOST 1
/
879130969 USER 1

879131078 HOST 2


879131539 HOST 52
[0;33mcs244-[0;36mip-172-31-5-237:[0;35m/⚡[0m 
879350986 USER 1
l
879351117 HOST 1
l
879446756 USER 1
s
879446888 HOST 1
s
879531011 USER 1

879531078 HOST 2


879535848 HOST 233
[0m[01;34mbin[0m   [01;34mdev[0m  [01;34mhome[0m        [01;34mlib[0m    [01;34mlost+found[0m  [01;34mmnt[0m  [01;34mproc[0m  [01;34mrun[0m   [01;34mselinux[0m  [01;34msys[0m  [01;34musr[0m  [01;36mvmlinuz[0m
879535975 HOST 2


879536118 HOST 208
[01;34mboot[0m  [01;34metc[0m  [01;36minitrd.img[0m  [01;34mlib64[0m  [01;34mmedia[0m       [01;34mopt[0m  [01;34mroot[0m  [01;34msbin[0m  [01;34msrv[0m      [30;42mtmp[0m  [01;34mvar[0m
879536234 HOST 2


879537000 HOST 52
[0;33mcs244-[0;36mip-172-31-5-237:[0;35m/⚡[0m 
882159906 USER 1
c
882160075 HOST 1
c
882207470 USER 1
d
882207560 HOST 1
d
882419842 USER 1

882419912 HOST 2


882420420 HOST 52
[0;33mcs244-[0;36mip-172-31-5-237:[0;35m~⚡[0m 
882559406 USER 1
l
882559496 HOST 1
l
882643667 USER 1
s
882643756 HOST 1
s
882715759 USER 1

882715924 HOST 2


882722462 HOST 228
[0m[01;34mcs244-mosh[0m  [01;34mmininet[0m  [01;34mof-dissector[0m  [01;34moflops[0m  [01;34moftest[0m  [01;34mopenflow[0m  [01;34mpox[0m  [01;34mstm-data[0m
[0;33mcs244-[0;36mip-172-31-5-237:[0;35m~⚡[0m 
882979691 USER 1
c
882979792 HOST 1
c
883055348 USER 1
d
883055439 HOST 1
d
883179854 USER 1
 
883179944 HOST 1
 
885456981 USER 1
s
885457122 HOST 1
s
885620273 USER 1
t
885620364 HOST 1
t
886222616 USER 1
m
886222759 HOST 1
m
886378811 USER 1
	
886388218 HOST 6
-data/
886627212 USER 1

886627315 HOST 2


886627875 HOST 61
[0;33mcs244-[0;36mip-172-31-5-237:[0;35m~/stm-data⚡[0m 
886758782 USER 1
l
886758915 HOST 1
l
886794618 USER 1
s
886794707 HOST 1
s
886905807 USER 1

886905872 HOST 2


886910573 HOST 158
depend      Makefile    swrite.hpp  [0m[01;32mterm-receive[0m      term-receive.o      [01;32mterm-replay-server[0m  term-save.cpp  [01;32mterm-send[0m
886910695 HOST 2


886910819 HOST 129
keylog.out  swrite.cpp  swrite.o    term-receive.cpp  [01;32mterm-replay-client[0m  [01;32mterm-save[0m           term-save.o
886910929 HOST 2


886911777 HOST 61
[0;33mcs244-[0;36mip-172-31-5-237:[0;35m~/stm-data⚡[0m 
887633715 USER 1
v
887633861 HOST 1
v
887765468 USER 1
i
887765748 HOST 1
i
887854139 USER 1
m
887854231 HOST 1
m
887949499 USER 1
 
887949597 HOST 1
 
888940480 USER 1
t
888940618 HOST 1
t
889052640 USER 1
e
889052731 HOST 1
e
889140805 USER 1
r
889140896 HOST 1
r
889232539 USER 1
m
889232631 HOST 1
m
889485682 USER 1
-
889485827 HOST 1
-
889733566 USER 1
s
889733687 HOST 1
s
889951552 USER 1
a
889951653 HOST 1
a
890395474 USER 1
	
890422864 HOST 1

890423079 HOST 2
ve
890820352 USER 1

890820465 HOST 2


890869019 HOST 15
[?1049h[?1h=
890870570 HOST 67
[1;43r[?12;25h[?12l[?25h[27m[m[H[2J[?25l[43;1H"term-save"
890872149 HOST 32
 [noeol][converted] 146L, 66230C
890893286 HOST 4
[>c
890894208 HOST 2028
[1;1H[32m^?[mELF[32m^B^A^A^@^@^@^@^@^@^@^@^@^B^@[m>[32m^@^A^@^@^@[mÈ[32m^S[m@[32m^@^@^@^@^@[m@[32m^@^@^@^@^@^@^@[mÐÓ[32m^@^@^@^@^@^@^@^@^@^@[m@[32m^@[m8[32m^@[m   [32m^@[m@[32m^@[m%[32m^@[m"[32m^@^F^@^@^@^E^@^@^@[m@[32m^@^@^@^@^^[2;1H@^@^@[m@[32m^@[m@[32m^@^@^@^@^@[m@[32m^@[m@[32m^@^@^@^@^@[mø[32m^A^@^@^@^@^@^@[mø[32m^A^@^@^@^@^@^@^H^@^@^@^@^@^@^@^C^@^@^@^D^@^@^@[m8[32m^B^@^@^@^@^@^@[m8[32m^B[m@[32m^@^@^@^@^@[m8[32m^B[m@[32m^@^@^@^@^@^\^^[3;1H@^@^@^@^@^@^@^\^@^@^@^@^@^@^@^A^@^@^@^@^@^@^@^A^@^@^@^E^@^@^@^@^@^@^@^@^@^@^@^@^@[m@[32m^@^@^@^@^@^@^@[m@[32m^@^@^@^@^@[m¤![32m^@^@^@^@^@^@[m¤![32m^@^@^@^@^@^@^@^@[m [32m^^[4;1H@^@^@^@^@^A^@^@^@^F^@^@^@[mØ-[32m^@^@^@^@^@^@[mØ-`[32m^@^@^@^@^@[mØ-`[32m^@^@^@^@^@[m`[32m^C^@^@^@^@^@^@[mx[32m^C^@^@^@^@^@^@^@^@[m [32m^@^@^@^@^@^B^@^@^@^F^@^@^@[mø-[32m^@^@^@^@^@^@[mø [5;1H-`[32m^@^@^@^@^@[mø-`[32m^@^@^@^@^@^@^B^@^@^@^@^@^@^@^B^@^@^@^@^@^@^H^@^@^@^@^@^@^@^D^@^@^@^D^@^@^@[mT[32m^B^@^@^@^@^@^@[mT[32m^B[m@[32m^@^@^@^@^@[mT[32m^B[m@[32m^@^@^@^@^@[mD[32m^@^@^@^@@[6;1H^@^@^@[mD[32m^@^@^@^@^@^@^@^D^@^@^@^@^@^@^@[mPåtd[32m^D^@^@^@[m|[32m^_^@^@^@^@^@^@[m|[32m^_[m@[32m^@^@^@^@^@[m|[32m^_[m@[32m^@^@^@^@^@[m\[32m^@^@^@^@^@^@^@[m\[32m^@^@^@^@^@^@^@^D^@^@^@^@^@^@^@[mQått[7;1Hd[32m^F^@^@^@^@^@^@^@^@^@^@^@^@^@^@^@^@^@^@^@^@^@^@^@^@^@^@^@^@^@^@^@^@^@^@^@^@^@^@^@^@^@^@^@^H^@^@^@^@^@^@^@[mRåtd[32m^D^@^@^@[mØ-[32m^@^@^@^@^@^@[mØ-`[32m^@^@^@^^[8;1H@^@[mØ-`[32m^@^@^@^@^@[m([32m^B^@^@^@^@^@^@[m([32m^B^@^@^@^@^@^@^A^@^@^@^@^@^@^@[m/lib64/ld-linux-x86-64.so.2[32m^@^D^@^@^@^P^@^@^@^A^@^@^@[mGNU[32m^@^@^@^@^@^B^@^@^@^F^@^^[9;1H@^@^X^@^@^@^D^@^@^@^T^@^@^@^C^@^@^@[mGNU[32m^@[m¢çM[32m<92><93>[mÏs£¥[32m<8f>[mù?G[32m^^[m·µyM9©[32m^C^@^@^@[m&[32m^@^@^@^A^@^@^@^F^@^@^@[m0[32m^A^P^@[mÀ[32m^A[m@[32m^B[m&[32m^@^@^@[m([32m^@^@^@[m*[32m^@^@^@[m¦Ý£kÅ[32m<<[10;1H89>^E<90>[mÄ¹[32m<9c>[m@9ò[32m<8b>^\[m)EÕL
890894653 HOST 2028
[32m^@^@^@^@^@^@^@^@^@^@^@^@^@^@^@^@^@^@^@^@^@^@^@^@[m][32m^A^@^@^R^@^@^@^@^@^@^@^@^@^@^@^@^@^@^@^@^@^@^@[mH[32m^A^@^@^R^@^@^@^@^^[11;1H@^@^@^@^@^@^@^@^@^@^@^@^@^@^@[mÇ[32m^A^@^@^R^@^@^@^@^@^@^@^@^@^@^@^@^@^@^@^@^@^@^@[m£[32m^A^@^@^R^@^@^@^@^@^@^@^@^@^@^@^@^@^@^@^@^@^@^@<90>^A^@^@^R^@^@^@@[12;1H^@^@^@^@^@^@^@^@^@^@^@^@^@^@^@^@[mx[32m^A^@^@^R^@^@^@^@^@^@^@^@^@^@^@^@^@^@^@^@^@^@^@^N^@^@^@[m [32m^@^@^@^@^@^@^@^@^@^@^@^@^@^@^@^@^@^@^@^]^@^@^@[m [32m^@^@^@@[13;1H^@^@^@^@^@^@^@^@^@^@^@^@^@^@^@^@[mC[32m^A^@^@^R^@^@^@^@^@^@^@^@^@^@^@^@^@^@^@^@^@^@^@[m&[32m^A^@^@^R^@^@^@^@^@^@^@^@^@^@^@^@^@^@^@^@^@^@^@[mÑ[32m^@^@^@^R^@^@^@@[14;1H^@^@^@^@^@^@^@^@^@^@^@^@^@^@^@^@[m¯[32m^@^@^@^R^@^@^@^@^@^@^@^@^@^@^@^@^@^@^@^@^@^@^@[mn[32m^A^@^@^R^@^@^@^@^@^@^@^@^@^@^@^@^@^@^@^@^@^@^@[m×[32m^A^@^@^R^@^@^@@[15;1H^@^@^@^@^@^@^@^@^@^@^@^@^@^@^@^@[m;[32m^A^@^@^R^@^@^@^@^@^@^@^@^@^@^@^@^@^@^@^@^@^@^@[m1[32m^@^@^@^R^@^@^@^@^@^@^@^@^@^@^@^@^@^@^@^@^@^@^@[mù[32m^@^@^@^R^@^@^@@[16;1H^@^@^@^@^@^@^@^@^@^@^@^@^@^@^@^@[ma[32m^@^@^@[m [32m^@^@^@^@^@^@^@^@^@^@^@^@^@^@^@^@^@^@^@[m¿[32m^A^@^@^R^@^@^@^@^@^@^@^@^@^@^@^@^@^@^@^@^@^@^@[m4[32m^A^@^@^R^@^@^@^^[17;1H@^@^@^@^@^@^@^@^@^@^@^@^@^@^@^@[m}[32m^@^@^@[m [32m^@^@^@^@^@^@^@^@^@^@^@^@^@^@^@^@^@^@^@[ms[32m^A^@^@^R^@^@^@^@^@^@^@^@^@^@^@^@^@^@^@^@^@^@^@[mg[32m^A^@^@^R^@^@^@^@@[18;1H^@^@^@^@^@^@^@^@^@^@^@^@^@^@^@^B^A^@^@^R^@^@^@^@^@^@^@^@^@^@^@^@^@^@^@^@^@^@^@[mè[32m^@^@^@^R^@^@^@^@^@^@^@^@^@^@^@^@^@^@^@^@^@^@^@[m¸[32m^A^@^@^R^@^@^@^^[19;1H@^@^@^@^@^@^@^@^@^@^@^@^@^@^@^@[mÍ[32m^A^@^@^R^@^@^@^@^@^@^@^@^@^@^@^@^@^@^@^@^@^@^@[mé[32m^A^@^@^R^@^@^@^@^@^@^@^@^@^@^@^@^@^@^@^@^@^@^@^_^A^@^@^R^@^@^@@[20;1H^@^@^@^@^@^@^@^@^@^@^@^@^@^@^@^@<86>^A^@^@^R^@^@^@^@^@^@^@^@^@^@^@^@^@^@^@^@^@^@^@^N^A^@^@^R^@^@^@^@^@^@^@^@^@^@^@^@^@^@^@^@^@^@^@[m©[32m^A^@^@^R^@@[21;1H^@^@^@^@^@^@^@^@^@^@^@^@^@^@^@^@^@^@[mQ[32m^A^@^@^R^@^@^@^@^@^@^@^@^@^@^@^@^@^@^@^@^@^@^@[mÞ[32m^@^@^@^R^@^@^@^@^@^@^@^@^@^@^@^@^@^@^@^@^@^@^@[mò[32m^@^@^@^R^@@
890895061 HOST 2031
[22;1H^@^@^@^@^@^@^@^@^@^@^@^@^@^@^@^@^@^@[mð[32m^A^@^@^R^@^@^@^@^@^@^@^@^@^@^@^@^@^@^@^@^@^@^@[mD[32m^@^@^@^R^@^@^@^@^@^@^@^@^@^@^@^@^@^@^@^@^@^@^@[mø[32m^A^@^@[m![32m^@^^[23;1HY^@[m81`[32m^@^@^@^@^@^H^@^@^@^@^@^@^@[m÷[32m^A^@^@[m![32m^@^Y^@[m81`[32m^@^@^@^@^@^H^@^@^@^@^@^@^@[mö[32m^A^@^@^Q^@^Y^@[m81`[32m^@^@^@^@^@^H^@^@^@^@^@^@^@<9c>^A^@^@^Q^@^Y^@[m@1`[32m^^[24;1H@^@^@^@^@^H^@^@^@^@^@^@^@<97>^@^@^@^R^@^@^@<90>^N[m@[32m^@^@^@^@^@^@^@^@^@^@^@^@^@^@[mlibutil.so.1[32m^@[m__gmon_start__[32m^@[m_Jv_RegisterClasses[32m^@[mforkpty[32m^@[mlibb[25;1Hrt.so.1[32m^@[mclock_gettime[32m^@[mlibstdc++.so.6[32m^@[m_ITM_deregisterTMCloneTable[32m^@[m_ITM_registerTMCloneTable[32m^@[m_ZNSt8ios_base4InitD1Ev[32m^@[m_ZNSt8ios_base4InitCC[26;1H1Ev[32m^@[mlibc.so.6[32m^@[m__printf_chk[32m^@[msetlocale[32m^@[mcfmakeraw[32m^@[mperror[32m^@[mgetpwuid[32m^@[msigprocmask[32m^@[m__stack_chk_fail[32m^@[mstrdup[32m^@[m__assert_fail[32m^@[mstrlen[32m^@[m__cxa_atee[27;1Hxit[32m^@[msignalfd[32m^@[msigemptyset[32m^@[mtcsetattr[32m^@[mopen64[32m^@[mread[32m^@[mpoll[32m^@[m__fprintf_chk[32m^@[msigaddset[32m^@[mnl_langinfo[32m^@[mstderr[32m^@[mioctl[32m^@[m__snprintf_chk[32m^@[mexecve[32m^@[mgetee[28;1Huid[32m^@[mclose[32m^@[mtcgetattr[32m^@[m__libc_start_main[32m^@[msetenv[32m^@[mwrite[32m^@[m__environ[32m^@[mGLIBC_2.2.5[32m^@[mGLIBCXX_3.4[32m^@[mGLIBC_2.4[32m^@[mGLIBC_2.3.4[32m^@[mGLIBC_2.7[32m^@^@^@^B^@^C^@@[29;1H^B^@^B^@^B^@^D^@^@^@^@^@^B^@^B^@^D^@^E^@^B^@^B^@^B^@^F^@^B^@^@^@^B^@^B^@^@^@^B^@^B^@^B^@^B^@^B^@^B^@^B^@^B^@^B^@^G^@^D^@^B^@^B^@^B^@^B^@^H^@^^[30;1HB^@^B^@^B^@^B^@^E^@^@^@^A^@^A^@[m9[32m^@^@^@^P^@^@^@[m [32m^@^@^@[mu[32m^Z[mi      [32m^@^@^H^@^@^B^@^@^@^@^@^@^A^@^A^@^A^@^@^@^P^@^@^@[m [32m^@^@^@[mu[32m^Z[mi     [32m^@^@^F^@^@^B^@@[31;1H^@^@^@^@^@^A^@^A^@[mR[32m^@^@^@^P^@^@^@[m [32m^@^@^@[mt)[32m<92>^H^@^@^E^@^L^B^@^@^@^@^@^@^A^@^D^@[mÇ[32m^@^@^@^P^@^@^@^@^@^@^@^T[mii
890895506 HOST 2038
[32m^M^@^@^G^@^X^B^@^@^P^@^@^@[mt[32m^Y[mi [32m^@^^[32;1H@^D^@[m"[32m^B^@^@^P^@^@^@^W[mii[32m^M^@^@^C^@[m.[32m^B^@^@^P^@^@^@[mu[32m^Z[mi[7C [32m^@^@^B^@^@^B^@^@^@^@^@^@[mø/`[32m^@^@^@^@^@^F^@^@^@^G^@^@^@^@^@^@^@^@^@^@^@[m81`[32m^@^@^@^@@[33;1H^@^E^@^@^@[m([32m^@^@^@^@^@^@^@^@^@^@^@[m@1`[32m^@^@^@^@^@^E^@^@^@[m)[32m^@^@^@^@^@^@^@^@^@^@^@^X[m0`[32m^@^@^@^@^@^G^@^@^@^A^@^@^@^@^@^@^@^@^@^@^@[m 0`[32m^@^@^@^@^@^G^@^^[34;1H@^@^B^@^@^@^@^@^@^@^@^@^@^@[m(0`[32m^@^@^@^@^@^G^@^@^@^C^@^@^@^@^@^@^@^@^@^@^@[m00`[32m^@^@^@^@^@^G^@^@^@^D^@^@^@^@^@^@^@^@^@^@^@[m80`[32m^@^@^@^@^@^G^@^@^@^E^^[35;1H@^@^@^@^@^@^@^@^@^@^@[m@0`[32m^@^@^@^@^@^G^@^@^@^F^@^@^@^@^@^@^@^@^@^@^@[mH0`[32m^@^@^@^@^@^G^@^@^@[m       [32m^@^@^@^@^@^@^@^@^@^@^@[mP0`[32m^@^@^@^@^@^G^@^@^@
^@^@^@^@^@^@^@^@^@^@^@[mX0`[32m^@^@^@^@^@^G^@^@^@^K^@^@^@^@^@^@^@^@^@^@^@[m`0`[32m^@^@^@^@^@^G^@^@^@^L^@^@^@^@^@^@^@^@^@^@^@[mh0`[32m^@^@^@^@^@^G^@^@^@^M^@^@^@@[37;1H^@^@^@^@^@^@^@^@[mp0`[32m^@^@^@^@^@^G^@^@^@^N^@^@^@^@^@^@^@^@^@^@^@[mx0`[32m^@^@^@^@^@^G^@^@^@^O^@^@^@^@^@^@^@^@^@^@^@<80>[m0`[32m^@^@^@^@^@^G^@^@^@^P^@^@^@^@^^[38;1H@^@^@^@^@^@^@<88>[m0`[32m^@^@^@^@^@^G^@^@^@[m*[32m^@^@^@^@^@^@^@^@^@^@^@<90>[m0`[32m^@^@^@^@^@^G^@^@^@^Q^@^@^@^@^@^@^@^@^@^@^@<98>[m0`[32m^@^@^@^@^@^G^@^@^@^S^@^@^@^^[39;1H@^@^@^@^@^@^@^@[m 0`[32m^@^@^@^@^@^G^@^@^@^T^@^@^@^@^@^@^@^@^@^@^@[m¨0`[32m^@^@^@^@^@^G^@^@^@^V^@^@^@^@^@^@^@^@^@^@^@[m°0`[32m^@^@^@^@^@^G^@^@^@^W^@^@^@^@^@^@^^[40;1H@^@^@^@^@[m¸0`[32m^@^@^@^@^@^G^@^@^@^X^@^@^@^@^@^@^@^@^@^@^@[mÀ0`[32m^@^@^@^@^@^G^@^@^@^Y^@^@^@^@^@^@^@^@^@^@^@[mÈ0`[32m^@^@^@^@^@^G^@^@^@^Z^@^@^@^@^@^@^@^@^@^^[41;1H@^@[mÐ0`[32m^@^@^@^@^@^G^@^@^@^[^@^@^@^@^@^@^@^@^@^@^@[mØ0`[32m^@^@^@^@^@^G^@^@^@^\^@^@^@^@^@^@^@^@^@^@^@[mà0`[32m^@^@^@^@^@^G^@^@^@^]^@^@^@^@^@^@^@^@^@^@^@[mè0``[42;1H[32m^@^@^@^@^@^G^@^@^@^^^@^@^@^@^@^@^@^@^@^@^@[mð0`[32m^@^@^@^@^@^G^@^@^@^_^@^@^@^@^@^@^@^@^@^@^@[mø0`[32m^@^@^@^@^@^G^@^@^@[m [32m^@^@^@^@^@^@^@^@^@^@^@^@[m1`[32m^@^@^@
890895804 HOST 1085
[m[36;1H[34m@                                                                                                                                            [37;1H@                                                                                                                                            [38;1H@                                                                                                                                            [39;1H@                                                                                                                                            [40;1H@                                                                                                                                            [41;1H@                                                                                                                                            [42;1H@                                                                                                                                            [m[43;124H1,1[11CTop[1;1H[?12l[?25h
890917264 USER 9
[>0;95;c
891890598 USER 1
:
891890812 HOST 24
[?25l[43;1H[K[43;1H:
891890966 HOST 12
[?12l[?25h
891909974 USER 1
Q
891910081 HOST 1
Q
891910203 HOST 18
[?25l[?12l[?25h
892055128 USER 1

892055259 HOST 1

892055464 HOST 50
[?25l[1m[37m[41mE492: Not an editor command: Q
892055643 HOST 37
[m[93C1,1[11CTop[1;1H[?12l[?25h
892937627 USER 1
:
892937797 HOST 24
[?25l[43;1H[K[43;1H:
892937947 HOST 12
[?12l[?25h
893017373 USER 1
q
893017466 HOST 1
q
893017590 HOST 18
[?25l[?12l[?25h
893144436 USER 1

893144514 HOST 1

893145283 HOST 6
[?25l
893145424 HOST 24
[43;1H[K[43;1H[?1l>
893145531 HOST 20
[?12l[?25h[?1049l
893147062 HOST 61
[0;33mcs244-[0;36mip-172-31-5-237:[0;35m~/stm-data⚡[0m 
894481589 USER 1
e
894481738 HOST 1
e
894649449 USER 1
x
894649542 HOST 1
x
894730406 USER 1
i
894730508 HOST 1
i
894852480 USER 1
t
894852606 HOST 1
t
894933546 USER 1

894933614 HOST 2


894933865 HOST 4
exit
894933973 HOST 2


